<?xml version="1.0" encoding="UTF-8"?>
<!-- Generated by org.testng.reporters.JUnitXMLReporter -->
<testsuite hostname="m11a11k1" name="javaapplication5.PenTest" tests="12" failures="5" timestamp="24 Nov 2015 20:44:47 GMT" time="0.315" errors="0">
  <testcase name="testDoSomethingElse on testDoSomethingElse(javaapplication5.PenTest)" time="0.007" classname="javaapplication5.PenTest"/>
  <testcase name="testIsWork on testIsWork(javaapplication5.PenTest)" time="0.0" classname="javaapplication5.PenTest"/>
  <testcase name="testIsWork1 on testIsWork1(javaapplication5.PenTest)" time="0.0" classname="javaapplication5.PenTest"/>
  <testcase name="testWrite4 on testWrite4(javaapplication5.PenTest)" time="0.003" classname="javaapplication5.PenTest">
    <failure type="org.junit.ComparisonFailure" message="expected:&amp;lt;[]&amp;gt; but was:&amp;lt;[2281488322]&amp;gt;">
      <![CDATA[org.junit.ComparisonFailure: expected:<[]> but was:<[2281488322]>
	at org.junit.Assert.assertEquals(Assert.java:125)
	at org.junit.Assert.assertEquals(Assert.java:147)
	at javaapplication5.PenTest.testWrite4(PenTest.java:69)
	at org.junit.runners.model.FrameworkMethod$1.runReflectiveCall(FrameworkMethod.java:45)
	at org.junit.internal.runners.model.ReflectiveCallable.run(ReflectiveCallable.java:15)
	at org.junit.runners.model.FrameworkMethod.invokeExplosively(FrameworkMethod.java:42)
	at org.junit.internal.runners.statements.InvokeMethod.evaluate(InvokeMethod.java:20)
	at org.junit.runners.ParentRunner.runLeaf(ParentRunner.java:263)
	at org.junit.runners.BlockJUnit4ClassRunner.runChild(BlockJUnit4ClassRunner.java:68)
	at org.junit.runners.BlockJUnit4ClassRunner.runChild(BlockJUnit4ClassRunner.java:47)
	at org.junit.runners.ParentRunner$3.run(ParentRunner.java:231)
	at org.junit.runners.ParentRunner$1.schedule(ParentRunner.java:60)
	at org.junit.runners.ParentRunner.runChildren(ParentRunner.java:229)
	at org.junit.runners.ParentRunner.access$000(ParentRunner.java:50)
	at org.junit.runners.ParentRunner$2.evaluate(ParentRunner.java:222)
	at org.junit.runners.ParentRunner.run(ParentRunner.java:300)
	at org.junit.runner.JUnitCore.run(JUnitCore.java:157)
	at org.junit.runner.JUnitCore.run(JUnitCore.java:136)
... Removed 21 stack frames]]>
    </failure>
  </testcase> <!-- testWrite4 on testWrite4(javaapplication5.PenTest) -->
  <testcase name="testWrite on testWrite(javaapplication5.PenTest)" time="0.0" classname="javaapplication5.PenTest"/>
  <testcase name="testWrite1 on testWrite1(javaapplication5.PenTest)" time="0.001" classname="javaapplication5.PenTest"/>
  <testcase name="testWrite2 on testWrite2(javaapplication5.PenTest)" time="0.0" classname="javaapplication5.PenTest"/>
  <testcase name="testWrite6 on testWrite6(javaapplication5.PenTest)" time="0.0" classname="javaapplication5.PenTest">
    <failure type="org.junit.ComparisonFailure" message="expected:&amp;lt;[]&amp;gt; but was:&amp;lt;[22]&amp;gt;">
      <![CDATA[org.junit.ComparisonFailure: expected:<[]> but was:<[22]>
	at org.junit.Assert.assertEquals(Assert.java:125)
	at org.junit.Assert.assertEquals(Assert.java:147)
	at javaapplication5.PenTest.testWrite6(PenTest.java:89)
	at org.junit.runners.model.FrameworkMethod$1.runReflectiveCall(FrameworkMethod.java:45)
	at org.junit.internal.runners.model.ReflectiveCallable.run(ReflectiveCallable.java:15)
	at org.junit.runners.model.FrameworkMethod.invokeExplosively(FrameworkMethod.java:42)
	at org.junit.internal.runners.statements.InvokeMethod.evaluate(InvokeMethod.java:20)
	at org.junit.runners.ParentRunner.runLeaf(ParentRunner.java:263)
	at org.junit.runners.BlockJUnit4ClassRunner.runChild(BlockJUnit4ClassRunner.java:68)
	at org.junit.runners.BlockJUnit4ClassRunner.runChild(BlockJUnit4ClassRunner.java:47)
	at org.junit.runners.ParentRunner$3.run(ParentRunner.java:231)
	at org.junit.runners.ParentRunner$1.schedule(ParentRunner.java:60)
	at org.junit.runners.ParentRunner.runChildren(ParentRunner.java:229)
	at org.junit.runners.ParentRunner.access$000(ParentRunner.java:50)
	at org.junit.runners.ParentRunner$2.evaluate(ParentRunner.java:222)
	at org.junit.runners.ParentRunner.run(ParentRunner.java:300)
	at org.junit.runner.JUnitCore.run(JUnitCore.java:157)
	at org.junit.runner.JUnitCore.run(JUnitCore.java:136)
... Removed 21 stack frames]]>
    </failure>
  </testcase> <!-- testWrite6 on testWrite6(javaapplication5.PenTest) -->
  <testcase name="testWrite3 on testWrite3(javaapplication5.PenTest)" time="0.0" classname="javaapplication5.PenTest">
    <failure type="org.junit.ComparisonFailure" message="expected:&amp;lt;2281[]&amp;gt; but was:&amp;lt;2281[4883]&amp;gt;">
      <![CDATA[org.junit.ComparisonFailure: expected:<2281[]> but was:<2281[4883]>
	at org.junit.Assert.assertEquals(Assert.java:125)
	at org.junit.Assert.assertEquals(Assert.java:147)
	at javaapplication5.PenTest.testWrite3(PenTest.java:60)
	at org.junit.runners.model.FrameworkMethod$1.runReflectiveCall(FrameworkMethod.java:45)
	at org.junit.internal.runners.model.ReflectiveCallable.run(ReflectiveCallable.java:15)
	at org.junit.runners.model.FrameworkMethod.invokeExplosively(FrameworkMethod.java:42)
	at org.junit.internal.runners.statements.InvokeMethod.evaluate(InvokeMethod.java:20)
	at org.junit.runners.ParentRunner.runLeaf(ParentRunner.java:263)
	at org.junit.runners.BlockJUnit4ClassRunner.runChild(BlockJUnit4ClassRunner.java:68)
	at org.junit.runners.BlockJUnit4ClassRunner.runChild(BlockJUnit4ClassRunner.java:47)
	at org.junit.runners.ParentRunner$3.run(ParentRunner.java:231)
	at org.junit.runners.ParentRunner$1.schedule(ParentRunner.java:60)
	at org.junit.runners.ParentRunner.runChildren(ParentRunner.java:229)
	at org.junit.runners.ParentRunner.access$000(ParentRunner.java:50)
	at org.junit.runners.ParentRunner$2.evaluate(ParentRunner.java:222)
	at org.junit.runners.ParentRunner.run(ParentRunner.java:300)
	at org.junit.runner.JUnitCore.run(JUnitCore.java:157)
	at org.junit.runner.JUnitCore.run(JUnitCore.java:136)
... Removed 21 stack frames]]>
    </failure>
  </testcase> <!-- testWrite3 on testWrite3(javaapplication5.PenTest) -->
  <testcase name="testWrite5 on testWrite5(javaapplication5.PenTest)" time="0.0" classname="javaapplication5.PenTest">
    <failure type="java.lang.StringIndexOutOfBoundsException" message="String index out of range: 12">
      <![CDATA[java.lang.StringIndexOutOfBoundsException: String index out of range: 12
	at java.lang.String.substring(String.java:1950)
	at javaapplication5.Pen.write(Pen.java:43)
	at javaapplication5.PenTest.testWrite5(PenTest.java:78)
	at org.junit.runners.model.FrameworkMethod$1.runReflectiveCall(FrameworkMethod.java:45)
	at org.junit.internal.runners.model.ReflectiveCallable.run(ReflectiveCallable.java:15)
	at org.junit.runners.model.FrameworkMethod.invokeExplosively(FrameworkMethod.java:42)
	at org.junit.internal.runners.statements.InvokeMethod.evaluate(InvokeMethod.java:20)
	at org.junit.runners.ParentRunner.runLeaf(ParentRunner.java:263)
	at org.junit.runners.BlockJUnit4ClassRunner.runChild(BlockJUnit4ClassRunner.java:68)
	at org.junit.runners.BlockJUnit4ClassRunner.runChild(BlockJUnit4ClassRunner.java:47)
	at org.junit.runners.ParentRunner$3.run(ParentRunner.java:231)
	at org.junit.runners.ParentRunner$1.schedule(ParentRunner.java:60)
	at org.junit.runners.ParentRunner.runChildren(ParentRunner.java:229)
	at org.junit.runners.ParentRunner.access$000(ParentRunner.java:50)
	at org.junit.runners.ParentRunner$2.evaluate(ParentRunner.java:222)
	at org.junit.runners.ParentRunner.run(ParentRunner.java:300)
	at org.junit.runner.JUnitCore.run(JUnitCore.java:157)
	at org.junit.runner.JUnitCore.run(JUnitCore.java:136)
... Removed 21 stack frames]]>
    </failure>
  </testcase> <!-- testWrite5 on testWrite5(javaapplication5.PenTest) -->
  <testcase name="testGetColor on testGetColor(javaapplication5.PenTest)" time="0.0" classname="javaapplication5.PenTest"/>
  <testcase name="testGetColor1 on testGetColor1(javaapplication5.PenTest)" time="0.0" classname="javaapplication5.PenTest">
    <failure type="org.junit.ComparisonFailure" message="expected:&amp;lt;[RED]&amp;gt; but was:&amp;lt;[BLUE]&amp;gt;">
      <![CDATA[org.junit.ComparisonFailure: expected:<[RED]> but was:<[BLUE]>
	at org.junit.Assert.assertEquals(Assert.java:125)
	at org.junit.Assert.assertEquals(Assert.java:147)
	at javaapplication5.PenTest.testGetColor1(PenTest.java:108)
	at org.junit.runners.model.FrameworkMethod$1.runReflectiveCall(FrameworkMethod.java:45)
	at org.junit.internal.runners.model.ReflectiveCallable.run(ReflectiveCallable.java:15)
	at org.junit.runners.model.FrameworkMethod.invokeExplosively(FrameworkMethod.java:42)
	at org.junit.internal.runners.statements.InvokeMethod.evaluate(InvokeMethod.java:20)
	at org.junit.runners.ParentRunner.runLeaf(ParentRunner.java:263)
	at org.junit.runners.BlockJUnit4ClassRunner.runChild(BlockJUnit4ClassRunner.java:68)
	at org.junit.runners.BlockJUnit4ClassRunner.runChild(BlockJUnit4ClassRunner.java:47)
	at org.junit.runners.ParentRunner$3.run(ParentRunner.java:231)
	at org.junit.runners.ParentRunner$1.schedule(ParentRunner.java:60)
	at org.junit.runners.ParentRunner.runChildren(ParentRunner.java:229)
	at org.junit.runners.ParentRunner.access$000(ParentRunner.java:50)
	at org.junit.runners.ParentRunner$2.evaluate(ParentRunner.java:222)
	at org.junit.runners.ParentRunner.run(ParentRunner.java:300)
	at org.junit.runner.JUnitCore.run(JUnitCore.java:157)
	at org.junit.runner.JUnitCore.run(JUnitCore.java:136)
... Removed 21 stack frames]]>
    </failure>
  </testcase> <!-- testGetColor1 on testGetColor1(javaapplication5.PenTest) -->
</testsuite> <!-- javaapplication5.PenTest -->
